-------------------------------------------------------------------------------
Test set: com.example.CalculadoraTest
-------------------------------------------------------------------------------
Tests run: 1, Failures: 1, Errors: 0, Skipped: 0, Time elapsed: 0.093 s <<< FAILURE! - in com.example.CalculadoraTest
com.example.CalculadoraTest.testSoma  Time elapsed: 0.016 s  <<< FAILURE!
java.lang.AssertionError: expected:<6> but was:<5>
	at com.example.CalculadoraTest.testSoma(CalculadoraTest.java:12)

