<?xml version="1.0" encoding="UTF-8"?>
<testsuite xmlns:xsi="http://www.w3.org/2001/XMLSchema-instance" xsi:noNamespaceSchemaLocation="https://maven.apache.org/surefire/maven-surefire-plugin/xsd/surefire-test-report-3.0.xsd" version="3.0" name="com.example.CalculadoraTest" time="0.093" tests="1" errors="0" skipped="0" failures="1">
  <properties>
    <property name="java.specification.version" value="21"/>
    <property name="sun.cpu.isalist" value="amd64"/>
    <property name="sun.jnu.encoding" value="Cp1252"/>
    <property name="java.class.path" value="C:\xampp\htdocs\BOOTCAMP CLARO JAVA\Testes Unitarios com JUnit\meu-projeto\target\test-classes;C:\xampp\htdocs\BOOTCAMP CLARO JAVA\Testes Unitarios com JUnit\meu-projeto\target\classes;C:\Users\Felipi Mesel\.m2\repository\junit\junit\4.13.2\junit-4.13.2.jar;C:\Users\Felipi Mesel\.m2\repository\org\hamcrest\hamcrest-core\1.3\hamcrest-core-1.3.jar;"/>
    <property name="java.vm.vendor" value="Oracle Corporation"/>
    <property name="sun.arch.data.model" value="64"/>
    <property name="user.variant" value=""/>
    <property name="java.vendor.url" value="https://java.oracle.com/"/>
    <property name="user.timezone" value="America/Sao_Paulo"/>
    <property name="os.name" value="Windows 10"/>
    <property name="java.vm.specification.version" value="21"/>
    <property name="sun.java.launcher" value="SUN_STANDARD"/>
    <property name="user.country" value="BR"/>
    <property name="sun.boot.library.path" value="C:\Program Files\Java\jdk-21\bin"/>
    <property name="sun.java.command" value="C:\Users\Felipi Mesel\AppData\Local\Temp\surefire14732109926514295999\surefirebooter3535980935656905734.jar C:\Users\Felipi Mesel\AppData\Local\Temp\surefire14732109926514295999 2024-07-24T08-32-43_746-jvmRun1 surefire16024000006492701448tmp surefire_08755258771502920885tmp"/>
    <property name="jdk.debug" value="release"/>
    <property name="surefire.test.class.path" value="C:\xampp\htdocs\BOOTCAMP CLARO JAVA\Testes Unitarios com JUnit\meu-projeto\target\test-classes;C:\xampp\htdocs\BOOTCAMP CLARO JAVA\Testes Unitarios com JUnit\meu-projeto\target\classes;C:\Users\Felipi Mesel\.m2\repository\junit\junit\4.13.2\junit-4.13.2.jar;C:\Users\Felipi Mesel\.m2\repository\org\hamcrest\hamcrest-core\1.3\hamcrest-core-1.3.jar;"/>
    <property name="sun.cpu.endian" value="little"/>
    <property name="user.home" value="C:\Users\Felipi Mesel"/>
    <property name="user.language" value="pt"/>
    <property name="java.specification.vendor" value="Oracle Corporation"/>
    <property name="java.version.date" value="2023-10-17"/>
    <property name="java.home" value="C:\Program Files\Java\jdk-21"/>
    <property name="file.separator" value="\"/>
    <property name="basedir" value="C:\xampp\htdocs\BOOTCAMP CLARO JAVA\Testes Unitarios com JUnit\meu-projeto"/>
    <property name="java.vm.compressedOopsMode" value="32-bit"/>
    <property name="line.separator" value="&#10;"/>
    <property name="java.vm.specification.vendor" value="Oracle Corporation"/>
    <property name="java.specification.name" value="Java Platform API Specification"/>
    <property name="surefire.real.class.path" value="C:\Users\Felipi Mesel\AppData\Local\Temp\surefire14732109926514295999\surefirebooter3535980935656905734.jar"/>
    <property name="user.script" value=""/>
    <property name="sun.management.compiler" value="HotSpot 64-Bit Tiered Compilers"/>
    <property name="java.runtime.version" value="21.0.1+12-LTS-29"/>
    <property name="user.name" value="Felipi Mesel"/>
    <property name="stdout.encoding" value="Cp1252"/>
    <property name="path.separator" value=";"/>
    <property name="os.version" value="10.0"/>
    <property name="java.runtime.name" value="Java(TM) SE Runtime Environment"/>
    <property name="file.encoding" value="UTF-8"/>
    <property name="java.vm.name" value="Java HotSpot(TM) 64-Bit Server VM"/>
    <property name="localRepository" value="C:\Users\Felipi Mesel\.m2\repository"/>
    <property name="java.vendor.url.bug" value="https://bugreport.java.com/bugreport/"/>
    <property name="java.io.tmpdir" value="C:\Users\FELIPI~1\AppData\Local\Temp\"/>
    <property name="java.version" value="21.0.1"/>
    <property name="user.dir" value="C:\xampp\htdocs\BOOTCAMP CLARO JAVA\Testes Unitarios com JUnit\meu-projeto"/>
    <property name="os.arch" value="amd64"/>
    <property name="java.vm.specification.name" value="Java Virtual Machine Specification"/>
    <property name="sun.os.patch.level" value=""/>
    <property name="native.encoding" value="Cp1252"/>
    <property name="java.library.path" value="C:\Program Files\Java\jdk-21\bin;C:\WINDOWS\Sun\Java\bin;C:\WINDOWS\system32;C:\WINDOWS;C:\Program Files\Common Files\Oracle\Java\javapath;C:\Python310\Scripts\;C:\Python310\;C:\Python39\Scripts\;C:\Python39\;C:\Program Files (x86)\Common Files\Oracle\Java\javapath;C:\WINDOWS\system32;C:\WINDOWS;C:\WINDOWS\System32\Wbem;C:\WINDOWS\System32\WindowsPowerShell\v1.0\;C:\WINDOWS\System32\OpenSSH\;C:\Program Files\Git\cmd;C:\ProgramData\chocolatey\bin;C:\Program Files (x86)\IVI Foundation\VISA\WinNT\Bin\;C:\Program Files\IVI Foundation\VISA\Win64\Bin\;C:\Program Files (x86)\IVI Foundation\VISA\WinNT\Bin;C:\Program Files\Amazon\AWSCLIV2\;C:\Python27\Scripts;C:\msys64\ucrt64\bin;C:\maven\bin;C:\Program Files\MiKTeX\miktex\bin\x64\;C:\Python310\Scripts;C:\Program Files\dotnet\;C:\Program Files\Go\bin;C:\Program Files\Docker\Docker\resources\bin;C:\Program Files\nodejs\;C:\Program Files\PuTTY\;C:\Users\Felipi Mesel\Downloads\apache-maven-3.9.8-bin\apache-maven-3.9.8\bin;C:\Users\Felipi Mesel\AppData\Local\Microsoft\WindowsApps;C:\Users\Felipi Mesel\AppData\Local\Programs\Python\Python38-32\Scripts;C:\Flutter\flutter\bin;C:\Users\Felipi Mesel\AppData\Local\Programs\Microsoft VS Code\bin;C:\Users\Felipi Mesel\AppData\Local\Programs\MiKTeX\miktex\bin\x64\;C:\Program Files\Java\jdk1.8.0_281\bin;C:\Program Files\heroku\bin;C:\maven\bin;C:\Python310\Scripts;C:\Users\Felipi Mesel\.dotnet\tools;C:\Users\Felipi Mesel\go\bin;C:\Users\Felipi Mesel\AppData\Roaming\npm;."/>
    <property name="java.vm.info" value="mixed mode, sharing"/>
    <property name="stderr.encoding" value="Cp1252"/>
    <property name="java.vendor" value="Oracle Corporation"/>
    <property name="java.vm.version" value="21.0.1+12-LTS-29"/>
    <property name="sun.io.unicode.encoding" value="UnicodeLittle"/>
    <property name="java.class.version" value="65.0"/>
  </properties>
  <testcase name="testSoma" classname="com.example.CalculadoraTest" time="0.016">
    <failure message="expected:&lt;6&gt; but was:&lt;5&gt;" type="java.lang.AssertionError"><![CDATA[java.lang.AssertionError: expected:<6> but was:<5>
	at com.example.CalculadoraTest.testSoma(CalculadoraTest.java:12)
]]></failure>
  </testcase>
</testsuite>